  Application.cpp
  Camera.cpp
C:\Users\admin\Documents\GitHub\New-SP2\SP2\DM2122 Prac\Source\Application.cpp(2,10): fatal error C1083: Cannot open include file: 'GL/glew.h': No such file or directory
  Camera2.cpp
C:\Users\admin\Documents\GitHub\New-SP2\SP2\DM2122 Prac\Source\Camera.h(4,10): fatal error C1083: Cannot open include file: 'Vector3.h': No such file or directory
  Collision_detector.cpp
C:\Users\admin\Documents\GitHub\New-SP2\SP2\DM2122 Prac\Source\Camera.h(4,10): fatal error C1083: Cannot open include file: 'Vector3.h': No such file or directory
  DriveScene.cpp
C:\Users\admin\Documents\GitHub\New-SP2\SP2\DM2122 Prac\Source\Collision_detector.h(2,10): fatal error C1083: Cannot open include file: 'Vector3.h': No such file or directory
  FirstPersonCamera.cpp
C:\Users\admin\Documents\GitHub\New-SP2\SP2\DM2122 Prac\Source\DriveScene.h(5,10): fatal error C1083: Cannot open include file: 'MatrixStack.h': No such file or directory
  Loadcornercoord.cpp
C:\Users\admin\Documents\GitHub\New-SP2\SP2\DM2122 Prac\Source\Camera.h(4,10): fatal error C1083: Cannot open include file: 'Vector3.h': No such file or directory
  LoadOBJ.cpp
C:\Users\admin\Documents\GitHub\New-SP2\SP2\DM2122 Prac\Source\Loadcornercoord.h(4,10): fatal error C1083: Cannot open include file: 'Vector3.h': No such file or directory
  LoadTGA.cpp
C:\Users\admin\Documents\GitHub\New-SP2\SP2\DM2122 Prac\Source\Vertex.h(4,10): fatal error C1083: Cannot open include file: 'Vector3.h': No such file or directory
  main.cpp
C:\Users\admin\Documents\GitHub\New-SP2\SP2\DM2122 Prac\Source\LoadTGA.cpp(4,10): fatal error C1083: Cannot open include file: 'GL\glew.h': No such file or directory
  Mesh.cpp
C:\Users\admin\Documents\GitHub\New-SP2\SP2\DM2122 Prac\Source\Application.h(5,10): fatal error C1083: Cannot open include file: 'timer.h': No such file or directory
  MeshBuilder.cpp
C:\Users\admin\Documents\GitHub\New-SP2\SP2\DM2122 Prac\Source\Vertex.h(4,10): fatal error C1083: Cannot open include file: 'Vector3.h': No such file or directory
  SceneManager.cpp
  SceneSkybox.cpp
C:\Users\admin\Documents\GitHub\New-SP2\SP2\DM2122 Prac\Source\Vertex.h(4,10): fatal error C1083: Cannot open include file: 'Vector3.h': No such file or directory
  shader.cpp
C:\Users\admin\Documents\GitHub\New-SP2\SP2\DM2122 Prac\Source\SceneSkybox.h(5,10): fatal error C1083: Cannot open include file: 'MatrixStack.h': No such file or directory
  Utility.cpp
C:\Users\admin\Documents\GitHub\New-SP2\SP2\DM2122 Prac\Source\shader.cpp(12,10): fatal error C1083: Cannot open include file: 'GL/glew.h': No such file or directory
  Generating Code...
C:\Users\admin\Documents\GitHub\New-SP2\SP2\DM2122 Prac\Source\Utility.h(4,10): fatal error C1083: Cannot open include file: 'Mtx44.h': No such file or directory
