  DriveScene.cpp
C:\Users\timwo\Documents\GitHub\New-SP2\SP2\DM2122 Prac\Source\DriveScene.cpp(183,47): warning C4305: 'argument': truncation from 'double' to 'float'
C:\Users\timwo\Documents\GitHub\New-SP2\SP2\DM2122 Prac\Source\DriveScene.cpp(184,44): warning C4305: 'argument': truncation from 'double' to 'float'
C:\Users\timwo\Documents\GitHub\New-SP2\SP2\DM2122 Prac\Source\DriveScene.cpp(192,49): warning C4305: 'argument': truncation from 'double' to 'float'
C:\Users\timwo\Documents\GitHub\New-SP2\SP2\DM2122 Prac\Source\DriveScene.cpp(193,52): warning C4305: 'argument': truncation from 'double' to 'float'
C:\Users\timwo\Documents\GitHub\New-SP2\SP2\DM2122 Prac\Source\DriveScene.cpp(194,51): warning C4305: 'argument': truncation from 'double' to 'float'
C:\Users\timwo\Documents\GitHub\New-SP2\SP2\DM2122 Prac\Source\DriveScene.cpp(195,48): warning C4305: 'argument': truncation from 'double' to 'float'
C:\Users\timwo\Documents\GitHub\New-SP2\SP2\DM2122 Prac\Source\DriveScene.cpp(196,52): warning C4305: 'argument': truncation from 'double' to 'float'
C:\Users\timwo\Documents\GitHub\New-SP2\SP2\DM2122 Prac\Source\DriveScene.cpp(197,48): warning C4305: 'argument': truncation from 'double' to 'float'
C:\Users\timwo\Documents\GitHub\New-SP2\SP2\DM2122 Prac\Source\DriveScene.cpp(207,41): warning C4305: 'argument': truncation from 'double' to 'float'
C:\Users\timwo\Documents\GitHub\New-SP2\SP2\DM2122 Prac\Source\DriveScene.cpp(216,52): warning C4305: 'argument': truncation from 'double' to 'float'
C:\Users\timwo\Documents\GitHub\New-SP2\SP2\DM2122 Prac\Source\DriveScene.cpp(217,53): warning C4305: 'argument': truncation from 'double' to 'float'
C:\Users\timwo\Documents\GitHub\New-SP2\SP2\DM2122 Prac\Source\DriveScene.cpp(218,52): warning C4305: 'argument': truncation from 'double' to 'float'
C:\Users\timwo\Documents\GitHub\New-SP2\SP2\DM2122 Prac\Source\DriveScene.cpp(219,52): warning C4305: 'argument': truncation from 'double' to 'float'
C:\Users\timwo\Documents\GitHub\New-SP2\SP2\DM2122 Prac\Source\DriveScene.cpp(238,52): warning C4305: 'argument': truncation from 'double' to 'float'
C:\Users\timwo\Documents\GitHub\New-SP2\SP2\DM2122 Prac\Source\DriveScene.cpp(239,53): warning C4305: 'argument': truncation from 'double' to 'float'
C:\Users\timwo\Documents\GitHub\New-SP2\SP2\DM2122 Prac\Source\DriveScene.cpp(240,51): warning C4305: 'argument': truncation from 'double' to 'float'
C:\Users\timwo\Documents\GitHub\New-SP2\SP2\DM2122 Prac\Source\DriveScene.cpp(241,52): warning C4305: 'argument': truncation from 'double' to 'float'
C:\Users\timwo\Documents\GitHub\New-SP2\SP2\DM2122 Prac\Source\DriveScene.cpp(251,41): warning C4305: 'argument': truncation from 'double' to 'float'
C:\Users\timwo\Documents\GitHub\New-SP2\SP2\DM2122 Prac\Source\DriveScene.cpp(252,41): warning C4305: 'argument': truncation from 'double' to 'float'
C:\Users\timwo\Documents\GitHub\New-SP2\SP2\DM2122 Prac\Source\DriveScene.cpp(260,52): warning C4305: 'argument': truncation from 'double' to 'float'
C:\Users\timwo\Documents\GitHub\New-SP2\SP2\DM2122 Prac\Source\DriveScene.cpp(261,53): warning C4305: 'argument': truncation from 'double' to 'float'
C:\Users\timwo\Documents\GitHub\New-SP2\SP2\DM2122 Prac\Source\DriveScene.cpp(262,52): warning C4305: 'argument': truncation from 'double' to 'float'
C:\Users\timwo\Documents\GitHub\New-SP2\SP2\DM2122 Prac\Source\DriveScene.cpp(263,45): warning C4305: 'argument': truncation from 'double' to 'float'
C:\Users\timwo\Documents\GitHub\New-SP2\SP2\DM2122 Prac\Source\DriveScene.cpp(264,53): warning C4305: 'argument': truncation from 'double' to 'float'
C:\Users\timwo\Documents\GitHub\New-SP2\SP2\DM2122 Prac\Source\DriveScene.cpp(265,45): warning C4305: 'argument': truncation from 'double' to 'float'
C:\Users\timwo\Documents\GitHub\New-SP2\SP2\DM2122 Prac\Source\DriveScene.cpp(356,43): warning C4305: 'argument': truncation from 'double' to 'float'
C:\Users\timwo\Documents\GitHub\New-SP2\SP2\DM2122 Prac\Source\DriveScene.cpp(424,69): warning C4244: '+=': conversion from 'double' to 'float', possible loss of data
C:\Users\timwo\Documents\GitHub\New-SP2\SP2\DM2122 Prac\Source\DriveScene.cpp(430,42): warning C4244: '+=': conversion from 'double' to 'float', possible loss of data
C:\Users\timwo\Documents\GitHub\New-SP2\SP2\DM2122 Prac\Source\DriveScene.cpp(439,69): warning C4244: '-=': conversion from 'double' to 'float', possible loss of data
C:\Users\timwo\Documents\GitHub\New-SP2\SP2\DM2122 Prac\Source\DriveScene.cpp(445,42): warning C4244: '-=': conversion from 'double' to 'float', possible loss of data
C:\Users\timwo\Documents\GitHub\New-SP2\SP2\DM2122 Prac\Source\DriveScene.cpp(465,40): warning C4244: '+=': conversion from 'double' to 'float', possible loss of data
C:\Users\timwo\Documents\GitHub\New-SP2\SP2\DM2122 Prac\Source\DriveScene.cpp(473,40): warning C4244: '-=': conversion from 'double' to 'float', possible loss of data
LINK : warning LNK4098: defaultlib 'MSVCRT' conflicts with use of other libs; use /NODEFAULTLIB:library
  DM2122 Prac.vcxproj -> C:\Users\timwo\Documents\GitHub\New-SP2\SP2\Debug\DM2122 Prac.exe
